<!DOCTYPE html>
<html>
<head>
<meta http-equiv="Content-Type" content="text/html; charset=utf-8"/>
<meta http-equiv="x-ua-compatible" content="IE=edge"/>
<title>Test results - Class scp.targets.mock.InitiatorExecutorTest</title>
<link href="../css/base-style.css" rel="stylesheet" type="text/css"/>
<link href="../css/style.css" rel="stylesheet" type="text/css"/>
<script src="../js/report.js" type="text/javascript"></script>
</head>
<body>
<div id="content">
<h1>Class scp.targets.mock.InitiatorExecutorTest</h1>
<div class="breadcrumbs">
<a href="../index.html">all</a> &gt; 
<a href="../packages/scp.targets.mock.html">scp.targets.mock</a> &gt; InitiatorExecutorTest</div>
<div id="summary">
<table>
<tr>
<td>
<div class="summaryGroup">
<table>
<tr>
<td>
<div class="infoBox" id="tests">
<div class="counter">7</div>
<p>tests</p>
</div>
</td>
<td>
<div class="infoBox" id="failures">
<div class="counter">0</div>
<p>failures</p>
</div>
</td>
<td>
<div class="infoBox" id="ignored">
<div class="counter">0</div>
<p>ignored</p>
</div>
</td>
<td>
<div class="infoBox" id="duration">
<div class="counter">1.403s</div>
<p>duration</p>
</div>
</td>
</tr>
</table>
</div>
</td>
<td>
<div class="infoBox success" id="successRate">
<div class="percent">100%</div>
<p>successful</p>
</div>
</td>
</tr>
</table>
</div>
<div id="tabs">
<ul class="tabLinks">
<li>
<a href="#tab0">Tests</a>
</li>
<li>
<a href="#tab1">Standard error</a>
</li>
</ul>
<div id="tab0" class="tab">
<h2>Tests</h2>
<table>
<thead>
<tr>
<th>Test</th>
<th>Duration</th>
<th>Result</th>
</tr>
</thead>
<tr>
<td class="success">testDataAccepted</td>
<td>0.124s</td>
<td class="success">passed</td>
</tr>
<tr>
<td class="success">testDataRejected</td>
<td>0.281s</td>
<td class="success">passed</td>
</tr>
<tr>
<td class="success">testExcessLoad</td>
<td>0.436s</td>
<td class="success">passed</td>
</tr>
<tr>
<td class="success">testFastSend</td>
<td>0.249s</td>
<td class="success">passed</td>
</tr>
<tr>
<td class="success">testLocalTimeOut</td>
<td>0.016s</td>
<td class="success">passed</td>
</tr>
<tr>
<td class="success">testRemoteTimeOut</td>
<td>0.172s</td>
<td class="success">passed</td>
</tr>
<tr>
<td class="success">testRemoteUnknownFailure</td>
<td>0.125s</td>
<td class="success">passed</td>
</tr>
</table>
</div>
<div id="tab1" class="tab">
<h2>Standard error</h2>
<span class="code">
<pre>[pool-1-thread-1] WARN scp.impl.ReceiverInvoker - Dropping 2-th reception
[pool-1-thread-1] ERROR scp.impl.ReceiverInvoker - Failed to handle 1-th reception
java.util.concurrent.ExecutionException: java.lang.RuntimeException: Don't Panic! This exception is good :)
	at java.util.concurrent.FutureTask.report(FutureTask.java:122)
	at java.util.concurrent.FutureTask.get(FutureTask.java:206)
	at scp.impl.ReceiverInvoker.invokeHandler(ReceiverInvoker.java:99)
	at scp.impl.ReceiverInvoker.receive(ReceiverInvoker.java:86)
	at scp.targets.mock.InProcessCommunicationManagerImpl$4.lambda$send$11(InProcessCommunicationManagerImpl.java:161)
	at scp.targets.mock.InProcessCommunicationManagerImpl$4$$Lambda$3/808558227.call(Unknown Source)
	at java.util.concurrent.FutureTask.run(FutureTask.java:266)
	at java.util.concurrent.ThreadPoolExecutor.runWorker(ThreadPoolExecutor.java:1142)
	at java.util.concurrent.ThreadPoolExecutor$Worker.run(ThreadPoolExecutor.java:617)
	at java.lang.Thread.run(Thread.java:745)
Caused by: java.lang.RuntimeException: Don't Panic! This exception is good :)
	at scp.api.SenderReceiverTest$3.receive(SenderReceiverTest.java:146)
	at scp.api.SenderReceiverTest$3.receive(SenderReceiverTest.java:143)
	at scp.impl.ReceiverInvoker.lambda$invokeHandler$3(ReceiverInvoker.java:96)
	at scp.impl.ReceiverInvoker$$Lambda$4/1539016590.call(Unknown Source)
	... 4 more
[Test worker] WARN scp.impl.SendRequester - Timed out handling 1-th send
[pool-1-thread-1] WARN scp.impl.ReceiverInvoker - Timed out handling 1-th reception
[Test worker] ERROR scp.impl.SendRequester - Failed to handle 1-th send
java.util.concurrent.ExecutionException: java.lang.RuntimeException: java.util.concurrent.ExecutionException: java.lang.NullPointerException
	at java.util.concurrent.FutureTask.report(FutureTask.java:122)
	at java.util.concurrent.FutureTask.get(FutureTask.java:206)
	at scp.impl.SendRequester.handleSend(SendRequester.java:71)
	at scp.impl.SendRequester.send(SendRequester.java:59)
	at scp.api.SenderReceiverTest.testFastSend(SenderReceiverTest.java:98)
	at sun.reflect.NativeMethodAccessorImpl.invoke0(Native Method)
	at sun.reflect.NativeMethodAccessorImpl.invoke(NativeMethodAccessorImpl.java:62)
	at sun.reflect.DelegatingMethodAccessorImpl.invoke(DelegatingMethodAccessorImpl.java:43)
	at java.lang.reflect.Method.invoke(Method.java:497)
	at org.junit.runners.model.FrameworkMethod$1.runReflectiveCall(FrameworkMethod.java:47)
	at org.junit.internal.runners.model.ReflectiveCallable.run(ReflectiveCallable.java:12)
	at org.junit.runners.model.FrameworkMethod.invokeExplosively(FrameworkMethod.java:44)
	at org.junit.internal.runners.statements.InvokeMethod.evaluate(InvokeMethod.java:17)
	at org.junit.internal.runners.statements.RunBefores.evaluate(RunBefores.java:26)
	at org.junit.internal.runners.statements.RunAfters.evaluate(RunAfters.java:27)
	at org.junit.runners.ParentRunner.runLeaf(ParentRunner.java:271)
	at org.junit.runners.BlockJUnit4ClassRunner.runChild(BlockJUnit4ClassRunner.java:70)
	at org.junit.runners.BlockJUnit4ClassRunner.runChild(BlockJUnit4ClassRunner.java:50)
	at org.junit.runners.ParentRunner$3.run(ParentRunner.java:238)
	at org.junit.runners.ParentRunner$1.schedule(ParentRunner.java:63)
	at org.junit.runners.ParentRunner.runChildren(ParentRunner.java:236)
	at org.junit.runners.ParentRunner.access$000(ParentRunner.java:53)
	at org.junit.runners.ParentRunner$2.evaluate(ParentRunner.java:229)
	at org.junit.runners.ParentRunner.run(ParentRunner.java:309)
	at org.gradle.api.internal.tasks.testing.junit.JUnitTestClassExecuter.runTestClass(JUnitTestClassExecuter.java:86)
	at org.gradle.api.internal.tasks.testing.junit.JUnitTestClassExecuter.execute(JUnitTestClassExecuter.java:49)
	at org.gradle.api.internal.tasks.testing.junit.JUnitTestClassProcessor.processTestClass(JUnitTestClassProcessor.java:69)
	at org.gradle.api.internal.tasks.testing.SuiteTestClassProcessor.processTestClass(SuiteTestClassProcessor.java:48)
	at sun.reflect.NativeMethodAccessorImpl.invoke0(Native Method)
	at sun.reflect.NativeMethodAccessorImpl.invoke(NativeMethodAccessorImpl.java:62)
	at sun.reflect.DelegatingMethodAccessorImpl.invoke(DelegatingMethodAccessorImpl.java:43)
	at java.lang.reflect.Method.invoke(Method.java:497)
	at org.gradle.messaging.dispatch.ReflectionDispatch.dispatch(ReflectionDispatch.java:35)
	at org.gradle.messaging.dispatch.ReflectionDispatch.dispatch(ReflectionDispatch.java:24)
	at org.gradle.messaging.dispatch.ContextClassLoaderDispatch.dispatch(ContextClassLoaderDispatch.java:32)
	at org.gradle.messaging.dispatch.ProxyDispatchAdapter$DispatchingInvocationHandler.invoke(ProxyDispatchAdapter.java:93)
	at com.sun.proxy.$Proxy2.processTestClass(Unknown Source)
	at org.gradle.api.internal.tasks.testing.worker.TestWorker.processTestClass(TestWorker.java:105)
	at sun.reflect.NativeMethodAccessorImpl.invoke0(Native Method)
	at sun.reflect.NativeMethodAccessorImpl.invoke(NativeMethodAccessorImpl.java:62)
	at sun.reflect.DelegatingMethodAccessorImpl.invoke(DelegatingMethodAccessorImpl.java:43)
	at java.lang.reflect.Method.invoke(Method.java:497)
	at org.gradle.messaging.dispatch.ReflectionDispatch.dispatch(ReflectionDispatch.java:35)
	at org.gradle.messaging.dispatch.ReflectionDispatch.dispatch(ReflectionDispatch.java:24)
	at org.gradle.messaging.remote.internal.hub.MessageHub$Handler.run(MessageHub.java:355)
	at org.gradle.internal.concurrent.DefaultExecutorFactory$StoppableExecutorImpl$1.run(DefaultExecutorFactory.java:64)
	at java.util.concurrent.ThreadPoolExecutor.runWorker(ThreadPoolExecutor.java:1142)
	at java.util.concurrent.ThreadPoolExecutor$Worker.run(ThreadPoolExecutor.java:617)
	at java.lang.Thread.run(Thread.java:745)
Caused by: java.lang.RuntimeException: java.util.concurrent.ExecutionException: java.lang.NullPointerException
	at scp.targets.mock.InProcessCommunicationManagerImpl$4.send(InProcessCommunicationManagerImpl.java:165)
	at scp.impl.SendRequester.lambda$handleSend$4(SendRequester.java:68)
	at scp.impl.SendRequester$$Lambda$2/782780799.call(Unknown Source)
	at java.util.concurrent.FutureTask.run(FutureTask.java:266)
	... 3 more
Caused by: java.util.concurrent.ExecutionException: java.lang.NullPointerException
	at java.util.concurrent.FutureTask.report(FutureTask.java:122)
	at java.util.concurrent.FutureTask.get(FutureTask.java:192)
	at scp.targets.mock.InProcessCommunicationManagerImpl$4.send(InProcessCommunicationManagerImpl.java:163)
	... 6 more
Caused by: java.lang.NullPointerException
	at scp.targets.mock.InProcessCommunicationManagerImpl$4.lambda$send$11(InProcessCommunicationManagerImpl.java:161)
	at scp.targets.mock.InProcessCommunicationManagerImpl$4$$Lambda$3/808558227.call(Unknown Source)
	... 4 more
[Test worker] WARN scp.impl.SendRequester - Dropping 2-th send
</pre>
</span>
</div>
</div>
<div id="footer">
<p>Generated by 
<a href="http://www.gradle.org">Gradle 2.1</a> at May 5, 2015 3:24:38 AM</p>
</div>
</div>
</body>